mnist
NVIDIA RTX A6000
logging things now!
logged 50 steps for loss/imgs
logging things now!
logged 100 steps for loss/imgs
logging things now!
logged 150 steps for loss/imgs
logging things now!
logged 200 steps for loss/imgs
logging things now!
logged 250 steps for loss/imgs
logging things now!
logged 300 steps for loss/imgs
logging things now!
logged 350 steps for loss/imgs
logging things now!
logged 400 steps for loss/imgs
logging things now!
logged 450 steps for loss/imgs
Traceback (most recent call last):
  File "/mnt/meg/vishravi/diffusion/src/scripts/train.py", line 89, in <module>
    train(model, config)
  File "/mnt/meg/vishravi/diffusion/src/scripts/train.py", line 31, in train
    writer.add_scalar("loss", loss.item(), steps)
  File "/playpen-storage/vishravi/miniconda3/envs/diffusion/lib/python3.11/site-packages/torch/utils/tensorboard/writer.py", line 381, in add_scalar
    self._get_file_writer().add_summary(summary, global_step, walltime)
  File "/playpen-storage/vishravi/miniconda3/envs/diffusion/lib/python3.11/site-packages/torch/utils/tensorboard/writer.py", line 115, in add_summary
    self.add_event(event, global_step, walltime)
  File "/playpen-storage/vishravi/miniconda3/envs/diffusion/lib/python3.11/site-packages/torch/utils/tensorboard/writer.py", line 99, in add_event
    self.event_writer.add_event(event)
  File "/playpen-storage/vishravi/miniconda3/envs/diffusion/lib/python3.11/site-packages/tensorboard/summary/writer/event_file_writer.py", line 117, in add_event
    self._async_writer.write(event.SerializeToString())
  File "/playpen-storage/vishravi/miniconda3/envs/diffusion/lib/python3.11/site-packages/tensorboard/summary/writer/event_file_writer.py", line 174, in write
    self._byte_queue.put(bytestring)
  File "/playpen-storage/vishravi/miniconda3/envs/diffusion/lib/python3.11/queue.py", line 140, in put
    self.not_full.wait()
  File "/playpen-storage/vishravi/miniconda3/envs/diffusion/lib/python3.11/threading.py", line 327, in wait
    waiter.acquire()
KeyboardInterrupt
